CRITICAL - 2023-05-18 13:25:37 --> ini_set(): Headers already sent. You cannot change the session module's ini settings at this time
#0 [internal function]: CodeIgniter\Debug\Exceptions->errorHandler(2, 'ini_set(): Head...', 'C:\\xampp\\htdocs...', 71, Array)
#1 C:\xampp\htdocs\pcdl\system\Session\Handlers\FileHandler.php(71): ini_set('session.save_pa...', 'C:\\xampp\\htdocs...')
#2 C:\xampp\htdocs\pcdl\system\Config\Services.php(570): CodeIgniter\Session\Handlers\FileHandler->__construct(Object(Config\App), '127.0.0.1')
#3 C:\xampp\htdocs\pcdl\system\Config\BaseService.php(248): CodeIgniter\Config\Services::session(Object(Config\App), false)
#4 C:\xampp\htdocs\pcdl\system\Config\BaseService.php(189): CodeIgniter\Config\BaseService::__callStatic('session', Array)
#5 C:\xampp\htdocs\pcdl\system\Config\Services.php(563): CodeIgniter\Config\BaseService::getSharedInstance('session', NULL)
#6 C:\xampp\htdocs\pcdl\system\Config\BaseService.php(248): CodeIgniter\Config\Services::session()
#7 C:\xampp\htdocs\pcdl\app\Controllers\BaseController.php(54): CodeIgniter\Config\BaseService::__callStatic('session', Array)
#8 C:\xampp\htdocs\pcdl\system\CodeIgniter.php(803): App\Controllers\BaseController->initController(Object(CodeIgniter\HTTP\IncomingRequest), Object(CodeIgniter\HTTP\Response), Object(CodeIgniter\Log\Logger))
#9 C:\xampp\htdocs\pcdl\system\CodeIgniter.php(403): CodeIgniter\CodeIgniter->createController()
#10 C:\xampp\htdocs\pcdl\system\CodeIgniter.php(320): CodeIgniter\CodeIgniter->handleRequest(NULL, Object(Config\Cache), false)
#11 C:\xampp\htdocs\pcdl\index.php(37): CodeIgniter\CodeIgniter->run()
#12 {main}
CRITICAL - 2023-05-18 13:25:37 --> Uncaught ErrorException: Cannot modify header information - headers already sent by (output started at C:\xampp\htdocs\pcdl\app\Config\Events.php:32) in C:\xampp\htdocs\pcdl\system\Debug\Exceptions.php:112
Stack trace:
#0 [internal function]: CodeIgniter\Debug\Exceptions->errorHandler(2, 'Cannot modify h...', 'C:\\xampp\\htdocs...', 112, Array)
#1 C:\xampp\htdocs\pcdl\system\Debug\Exceptions.php(112): header('HTTP/1.1 500 In...', true, 500)
#2 [internal function]: CodeIgniter\Debug\Exceptions->exceptionHandler(Object(ErrorException))
#3 {main}
  thrown
#0 [internal function]: CodeIgniter\Debug\Exceptions->shutdownHandler()
#1 {main}
CRITICAL - 2023-05-18 13:26:13 --> ini_set(): Headers already sent. You cannot change the session module's ini settings at this time
#0 [internal function]: CodeIgniter\Debug\Exceptions->errorHandler(2, 'ini_set(): Head...', 'C:\\xampp\\htdocs...', 71, Array)
#1 C:\xampp\htdocs\pcdl\system\Session\Handlers\FileHandler.php(71): ini_set('session.save_pa...', 'C:\\xampp\\htdocs...')
#2 C:\xampp\htdocs\pcdl\system\Config\Services.php(570): CodeIgniter\Session\Handlers\FileHandler->__construct(Object(Config\App), '127.0.0.1')
#3 C:\xampp\htdocs\pcdl\system\Config\BaseService.php(248): CodeIgniter\Config\Services::session(Object(Config\App), false)
#4 C:\xampp\htdocs\pcdl\system\Config\BaseService.php(189): CodeIgniter\Config\BaseService::__callStatic('session', Array)
#5 C:\xampp\htdocs\pcdl\system\Config\Services.php(563): CodeIgniter\Config\BaseService::getSharedInstance('session', NULL)
#6 C:\xampp\htdocs\pcdl\system\Config\BaseService.php(248): CodeIgniter\Config\Services::session()
#7 C:\xampp\htdocs\pcdl\app\Controllers\BaseController.php(54): CodeIgniter\Config\BaseService::__callStatic('session', Array)
#8 C:\xampp\htdocs\pcdl\system\CodeIgniter.php(803): App\Controllers\BaseController->initController(Object(CodeIgniter\HTTP\IncomingRequest), Object(CodeIgniter\HTTP\Response), Object(CodeIgniter\Log\Logger))
#9 C:\xampp\htdocs\pcdl\system\CodeIgniter.php(403): CodeIgniter\CodeIgniter->createController()
#10 C:\xampp\htdocs\pcdl\system\CodeIgniter.php(320): CodeIgniter\CodeIgniter->handleRequest(NULL, Object(Config\Cache), false)
#11 C:\xampp\htdocs\pcdl\index.php(37): CodeIgniter\CodeIgniter->run()
#12 {main}
CRITICAL - 2023-05-18 13:26:13 --> Uncaught ErrorException: Cannot modify header information - headers already sent by (output started at C:\xampp\htdocs\pcdl\app\Config\Events.php:32) in C:\xampp\htdocs\pcdl\system\Debug\Exceptions.php:112
Stack trace:
#0 [internal function]: CodeIgniter\Debug\Exceptions->errorHandler(2, 'Cannot modify h...', 'C:\\xampp\\htdocs...', 112, Array)
#1 C:\xampp\htdocs\pcdl\system\Debug\Exceptions.php(112): header('HTTP/1.1 500 In...', true, 500)
#2 [internal function]: CodeIgniter\Debug\Exceptions->exceptionHandler(Object(ErrorException))
#3 {main}
  thrown
#0 [internal function]: CodeIgniter\Debug\Exceptions->shutdownHandler()
#1 {main}
CRITICAL - 2023-05-18 13:28:57 --> ini_set(): Headers already sent. You cannot change the session module's ini settings at this time
#0 [internal function]: CodeIgniter\Debug\Exceptions->errorHandler(2, 'ini_set(): Head...', 'C:\\xampp\\htdocs...', 71, Array)
#1 C:\xampp\htdocs\pcdl\system\Session\Handlers\FileHandler.php(71): ini_set('session.save_pa...', 'C:\\xampp\\htdocs...')
#2 C:\xampp\htdocs\pcdl\system\Config\Services.php(570): CodeIgniter\Session\Handlers\FileHandler->__construct(Object(Config\App), '127.0.0.1')
#3 C:\xampp\htdocs\pcdl\system\Config\BaseService.php(248): CodeIgniter\Config\Services::session(Object(Config\App), false)
#4 C:\xampp\htdocs\pcdl\system\Config\BaseService.php(189): CodeIgniter\Config\BaseService::__callStatic('session', Array)
#5 C:\xampp\htdocs\pcdl\system\Config\Services.php(563): CodeIgniter\Config\BaseService::getSharedInstance('session', NULL)
#6 C:\xampp\htdocs\pcdl\system\Config\BaseService.php(248): CodeIgniter\Config\Services::session()
#7 C:\xampp\htdocs\pcdl\app\Controllers\BaseController.php(54): CodeIgniter\Config\BaseService::__callStatic('session', Array)
#8 C:\xampp\htdocs\pcdl\system\CodeIgniter.php(803): App\Controllers\BaseController->initController(Object(CodeIgniter\HTTP\IncomingRequest), Object(CodeIgniter\HTTP\Response), Object(CodeIgniter\Log\Logger))
#9 C:\xampp\htdocs\pcdl\system\CodeIgniter.php(403): CodeIgniter\CodeIgniter->createController()
#10 C:\xampp\htdocs\pcdl\system\CodeIgniter.php(320): CodeIgniter\CodeIgniter->handleRequest(NULL, Object(Config\Cache), false)
#11 C:\xampp\htdocs\pcdl\index.php(37): CodeIgniter\CodeIgniter->run()
#12 {main}
CRITICAL - 2023-05-18 13:28:57 --> Uncaught ErrorException: Cannot modify header information - headers already sent by (output started at C:\xampp\htdocs\pcdl\app\Config\Events.php:32) in C:\xampp\htdocs\pcdl\system\Debug\Exceptions.php:112
Stack trace:
#0 [internal function]: CodeIgniter\Debug\Exceptions->errorHandler(2, 'Cannot modify h...', 'C:\\xampp\\htdocs...', 112, Array)
#1 C:\xampp\htdocs\pcdl\system\Debug\Exceptions.php(112): header('HTTP/1.1 500 In...', true, 500)
#2 [internal function]: CodeIgniter\Debug\Exceptions->exceptionHandler(Object(ErrorException))
#3 {main}
  thrown
#0 [internal function]: CodeIgniter\Debug\Exceptions->shutdownHandler()
#1 {main}
CRITICAL - 2023-05-18 13:30:53 --> ini_set(): Headers already sent. You cannot change the session module's ini settings at this time
#0 [internal function]: CodeIgniter\Debug\Exceptions->errorHandler(2, 'ini_set(): Head...', 'C:\\xampp\\htdocs...', 71, Array)
#1 C:\xampp\htdocs\pcdl\system\Session\Handlers\FileHandler.php(71): ini_set('session.save_pa...', 'C:\\xampp\\htdocs...')
#2 C:\xampp\htdocs\pcdl\system\Config\Services.php(570): CodeIgniter\Session\Handlers\FileHandler->__construct(Object(Config\App), '127.0.0.1')
#3 C:\xampp\htdocs\pcdl\system\Config\BaseService.php(248): CodeIgniter\Config\Services::session(Object(Config\App), false)
#4 C:\xampp\htdocs\pcdl\system\Config\BaseService.php(189): CodeIgniter\Config\BaseService::__callStatic('session', Array)
#5 C:\xampp\htdocs\pcdl\system\Config\Services.php(563): CodeIgniter\Config\BaseService::getSharedInstance('session', NULL)
#6 C:\xampp\htdocs\pcdl\system\Config\BaseService.php(248): CodeIgniter\Config\Services::session()
#7 C:\xampp\htdocs\pcdl\app\Controllers\BaseController.php(54): CodeIgniter\Config\BaseService::__callStatic('session', Array)
#8 C:\xampp\htdocs\pcdl\system\CodeIgniter.php(803): App\Controllers\BaseController->initController(Object(CodeIgniter\HTTP\IncomingRequest), Object(CodeIgniter\HTTP\Response), Object(CodeIgniter\Log\Logger))
#9 C:\xampp\htdocs\pcdl\system\CodeIgniter.php(403): CodeIgniter\CodeIgniter->createController()
#10 C:\xampp\htdocs\pcdl\system\CodeIgniter.php(320): CodeIgniter\CodeIgniter->handleRequest(NULL, Object(Config\Cache), false)
#11 C:\xampp\htdocs\pcdl\index.php(37): CodeIgniter\CodeIgniter->run()
#12 {main}
CRITICAL - 2023-05-18 13:30:53 --> Uncaught ErrorException: Cannot modify header information - headers already sent by (output started at C:\xampp\htdocs\pcdl\app\Config\Events.php:32) in C:\xampp\htdocs\pcdl\system\Debug\Exceptions.php:112
Stack trace:
#0 [internal function]: CodeIgniter\Debug\Exceptions->errorHandler(2, 'Cannot modify h...', 'C:\\xampp\\htdocs...', 112, Array)
#1 C:\xampp\htdocs\pcdl\system\Debug\Exceptions.php(112): header('HTTP/1.1 500 In...', true, 500)
#2 [internal function]: CodeIgniter\Debug\Exceptions->exceptionHandler(Object(ErrorException))
#3 {main}
  thrown
#0 [internal function]: CodeIgniter\Debug\Exceptions->shutdownHandler()
#1 {main}
CRITICAL - 2023-05-18 13:31:26 --> ini_set(): Headers already sent. You cannot change the session module's ini settings at this time
#0 [internal function]: CodeIgniter\Debug\Exceptions->errorHandler(2, 'ini_set(): Head...', 'C:\\xampp\\htdocs...', 71, Array)
#1 C:\xampp\htdocs\pcdl\system\Session\Handlers\FileHandler.php(71): ini_set('session.save_pa...', 'C:\\xampp\\htdocs...')
#2 C:\xampp\htdocs\pcdl\system\Config\Services.php(570): CodeIgniter\Session\Handlers\FileHandler->__construct(Object(Config\App), '127.0.0.1')
#3 C:\xampp\htdocs\pcdl\system\Config\BaseService.php(248): CodeIgniter\Config\Services::session(Object(Config\App), false)
#4 C:\xampp\htdocs\pcdl\system\Config\BaseService.php(189): CodeIgniter\Config\BaseService::__callStatic('session', Array)
#5 C:\xampp\htdocs\pcdl\system\Config\Services.php(563): CodeIgniter\Config\BaseService::getSharedInstance('session', NULL)
#6 C:\xampp\htdocs\pcdl\system\Config\BaseService.php(248): CodeIgniter\Config\Services::session()
#7 C:\xampp\htdocs\pcdl\app\Controllers\BaseController.php(54): CodeIgniter\Config\BaseService::__callStatic('session', Array)
#8 C:\xampp\htdocs\pcdl\system\CodeIgniter.php(803): App\Controllers\BaseController->initController(Object(CodeIgniter\HTTP\IncomingRequest), Object(CodeIgniter\HTTP\Response), Object(CodeIgniter\Log\Logger))
#9 C:\xampp\htdocs\pcdl\system\CodeIgniter.php(403): CodeIgniter\CodeIgniter->createController()
#10 C:\xampp\htdocs\pcdl\system\CodeIgniter.php(320): CodeIgniter\CodeIgniter->handleRequest(NULL, Object(Config\Cache), false)
#11 C:\xampp\htdocs\pcdl\index.php(37): CodeIgniter\CodeIgniter->run()
#12 {main}
CRITICAL - 2023-05-18 13:31:26 --> Uncaught ErrorException: Cannot modify header information - headers already sent by (output started at C:\xampp\htdocs\pcdl\app\Config\Events.php:32) in C:\xampp\htdocs\pcdl\system\Debug\Exceptions.php:112
Stack trace:
#0 [internal function]: CodeIgniter\Debug\Exceptions->errorHandler(2, 'Cannot modify h...', 'C:\\xampp\\htdocs...', 112, Array)
#1 C:\xampp\htdocs\pcdl\system\Debug\Exceptions.php(112): header('HTTP/1.1 500 In...', true, 500)
#2 [internal function]: CodeIgniter\Debug\Exceptions->exceptionHandler(Object(ErrorException))
#3 {main}
  thrown
#0 [internal function]: CodeIgniter\Debug\Exceptions->shutdownHandler()
#1 {main}
