CRITICAL - 2025-05-08 07:52:03 --> Undefined variable: total_coupon
#0 /Applications/MAMP/htdocs/pcdl4kids_web/app/Controllers/Dashboard.php(428): CodeIgniter\Debug\Exceptions->errorHandler(8, 'Undefined varia...', '/Applications/M...', 428, Array)
#1 /Applications/MAMP/htdocs/pcdl4kids_web/system/CodeIgniter.php(825): App\Controllers\Dashboard->analytics('coupon')
#2 /Applications/MAMP/htdocs/pcdl4kids_web/system/CodeIgniter.php(412): CodeIgniter\CodeIgniter->runController(Object(App\Controllers\Dashboard))
#3 /Applications/MAMP/htdocs/pcdl4kids_web/system/CodeIgniter.php(320): CodeIgniter\CodeIgniter->handleRequest(NULL, Object(Config\Cache), false)
#4 /Applications/MAMP/htdocs/pcdl4kids_web/index.php(37): CodeIgniter\CodeIgniter->run()
#5 {main}
CRITICAL - 2025-05-08 07:57:44 --> Undefined variable: total_coupon
#0 /Applications/MAMP/htdocs/pcdl4kids_web/app/Controllers/Dashboard.php(428): CodeIgniter\Debug\Exceptions->errorHandler(8, 'Undefined varia...', '/Applications/M...', 428, Array)
#1 /Applications/MAMP/htdocs/pcdl4kids_web/system/CodeIgniter.php(825): App\Controllers\Dashboard->analytics('coupon')
#2 /Applications/MAMP/htdocs/pcdl4kids_web/system/CodeIgniter.php(412): CodeIgniter\CodeIgniter->runController(Object(App\Controllers\Dashboard))
#3 /Applications/MAMP/htdocs/pcdl4kids_web/system/CodeIgniter.php(320): CodeIgniter\CodeIgniter->handleRequest(NULL, Object(Config\Cache), false)
#4 /Applications/MAMP/htdocs/pcdl4kids_web/index.php(37): CodeIgniter\CodeIgniter->run()
#5 {main}
CRITICAL - 2025-05-08 08:05:43 --> Undefined variable: total_coupon
#0 /Applications/MAMP/htdocs/pcdl4kids_web/app/Controllers/Dashboard.php(428): CodeIgniter\Debug\Exceptions->errorHandler(8, 'Undefined varia...', '/Applications/M...', 428, Array)
#1 /Applications/MAMP/htdocs/pcdl4kids_web/system/CodeIgniter.php(825): App\Controllers\Dashboard->analytics('coupon')
#2 /Applications/MAMP/htdocs/pcdl4kids_web/system/CodeIgniter.php(412): CodeIgniter\CodeIgniter->runController(Object(App\Controllers\Dashboard))
#3 /Applications/MAMP/htdocs/pcdl4kids_web/system/CodeIgniter.php(320): CodeIgniter\CodeIgniter->handleRequest(NULL, Object(Config\Cache), false)
#4 /Applications/MAMP/htdocs/pcdl4kids_web/index.php(37): CodeIgniter\CodeIgniter->run()
#5 {main}
