ERROR - 2025-09-01 15:30:35 --> Table 'pcdl4kids_portaldb.pl_shorts' doesn't exist
CRITICAL - 2025-09-01 15:30:35 --> Table 'pcdl4kids_portaldb.pl_shorts' doesn't exist
#0 /Applications/MAMP/htdocs/pcdl4kids_web/system/Database/MySQLi/Connection.php(292): mysqli->query('SELECT *\nFROM `...', 0)
#1 /Applications/MAMP/htdocs/pcdl4kids_web/system/Database/BaseConnection.php(670): CodeIgniter\Database\MySQLi\Connection->execute('SELECT *\nFROM `...')
#2 /Applications/MAMP/htdocs/pcdl4kids_web/system/Database/BaseConnection.php(598): CodeIgniter\Database\BaseConnection->simpleQuery('SELECT *\nFROM `...')
#3 /Applications/MAMP/htdocs/pcdl4kids_web/system/Database/BaseBuilder.php(1455): CodeIgniter\Database\BaseConnection->query('SELECT *\nFROM `...', Array, false)
#4 /Applications/MAMP/htdocs/pcdl4kids_web/app/Models/Crud.php(439): CodeIgniter\Database\BaseBuilder->get()
#5 /Applications/MAMP/htdocs/pcdl4kids_web/app/Controllers/Setup.php(1912): App\Models\Crud->datatable_load('shorts', Array, Array, Array, '')
#6 /Applications/MAMP/htdocs/pcdl4kids_web/system/CodeIgniter.php(825): App\Controllers\Setup->shorts('list')
#7 /Applications/MAMP/htdocs/pcdl4kids_web/system/CodeIgniter.php(412): CodeIgniter\CodeIgniter->runController(Object(App\Controllers\Setup))
#8 /Applications/MAMP/htdocs/pcdl4kids_web/system/CodeIgniter.php(320): CodeIgniter\CodeIgniter->handleRequest(NULL, Object(Config\Cache), false)
#9 /Applications/MAMP/htdocs/pcdl4kids_web/index.php(37): CodeIgniter\CodeIgniter->run()
#10 {main}
ERROR - 2025-09-01 15:30:58 --> Table 'pcdl4kids_portaldb.pl_shorts' doesn't exist
CRITICAL - 2025-09-01 15:30:58 --> Table 'pcdl4kids_portaldb.pl_shorts' doesn't exist
#0 /Applications/MAMP/htdocs/pcdl4kids_web/system/Database/MySQLi/Connection.php(292): mysqli->query('SELECT *\nFROM `...', 0)
#1 /Applications/MAMP/htdocs/pcdl4kids_web/system/Database/BaseConnection.php(670): CodeIgniter\Database\MySQLi\Connection->execute('SELECT *\nFROM `...')
#2 /Applications/MAMP/htdocs/pcdl4kids_web/system/Database/BaseConnection.php(598): CodeIgniter\Database\BaseConnection->simpleQuery('SELECT *\nFROM `...')
#3 /Applications/MAMP/htdocs/pcdl4kids_web/system/Database/BaseBuilder.php(1455): CodeIgniter\Database\BaseConnection->query('SELECT *\nFROM `...', Array, false)
#4 /Applications/MAMP/htdocs/pcdl4kids_web/app/Models/Crud.php(439): CodeIgniter\Database\BaseBuilder->get()
#5 /Applications/MAMP/htdocs/pcdl4kids_web/app/Controllers/Setup.php(1912): App\Models\Crud->datatable_load('shorts', Array, Array, Array, '')
#6 /Applications/MAMP/htdocs/pcdl4kids_web/system/CodeIgniter.php(825): App\Controllers\Setup->shorts('list')
#7 /Applications/MAMP/htdocs/pcdl4kids_web/system/CodeIgniter.php(412): CodeIgniter\CodeIgniter->runController(Object(App\Controllers\Setup))
#8 /Applications/MAMP/htdocs/pcdl4kids_web/system/CodeIgniter.php(320): CodeIgniter\CodeIgniter->handleRequest(NULL, Object(Config\Cache), false)
#9 /Applications/MAMP/htdocs/pcdl4kids_web/index.php(37): CodeIgniter\CodeIgniter->run()
#10 {main}
CRITICAL - 2025-09-01 15:46:37 --> mkdir(): No such file or directory
#0 [internal function]: CodeIgniter\Debug\Exceptions->errorHandler(2, 'mkdir(): No suc...', '/Applications/M...', 771, Array)
#1 /Applications/MAMP/htdocs/pcdl4kids_web/app/Models/Crud.php(771): mkdir('assets/videos/r...', 493)
#2 /Applications/MAMP/htdocs/pcdl4kids_web/app/Controllers/Setup.php(1778): App\Models\Crud->file_upload('assets/videos/r...', Object(CodeIgniter\HTTP\Files\UploadedFile))
#3 /Applications/MAMP/htdocs/pcdl4kids_web/system/CodeIgniter.php(825): App\Controllers\Setup->shorts('manage')
#4 /Applications/MAMP/htdocs/pcdl4kids_web/system/CodeIgniter.php(412): CodeIgniter\CodeIgniter->runController(Object(App\Controllers\Setup))
#5 /Applications/MAMP/htdocs/pcdl4kids_web/system/CodeIgniter.php(320): CodeIgniter\CodeIgniter->handleRequest(NULL, Object(Config\Cache), false)
#6 /Applications/MAMP/htdocs/pcdl4kids_web/index.php(37): CodeIgniter\CodeIgniter->run()
#7 {main}
ERROR - 2025-09-01 15:48:55 --> Unknown column 'video_id' in 'field list'
CRITICAL - 2025-09-01 15:48:55 --> Unknown column 'video_id' in 'field list'
#0 /Applications/MAMP/htdocs/pcdl4kids_web/system/Database/MySQLi/Connection.php(292): mysqli->query('INSERT INTO `pl...', 0)
#1 /Applications/MAMP/htdocs/pcdl4kids_web/system/Database/BaseConnection.php(670): CodeIgniter\Database\MySQLi\Connection->execute('INSERT INTO `pl...')
#2 /Applications/MAMP/htdocs/pcdl4kids_web/system/Database/BaseConnection.php(598): CodeIgniter\Database\BaseConnection->simpleQuery('INSERT INTO `pl...')
#3 /Applications/MAMP/htdocs/pcdl4kids_web/system/Database/BaseBuilder.php(1771): CodeIgniter\Database\BaseConnection->query('INSERT INTO `pl...', Array, false)
#4 /Applications/MAMP/htdocs/pcdl4kids_web/app/Models/Crud.php(22): CodeIgniter\Database\BaseBuilder->insert(Array)
#5 /Applications/MAMP/htdocs/pcdl4kids_web/app/Controllers/Setup.php(1819): App\Models\Crud->create('video', Array)
#6 /Applications/MAMP/htdocs/pcdl4kids_web/system/CodeIgniter.php(825): App\Controllers\Setup->shorts('manage')
#7 /Applications/MAMP/htdocs/pcdl4kids_web/system/CodeIgniter.php(412): CodeIgniter\CodeIgniter->runController(Object(App\Controllers\Setup))
#8 /Applications/MAMP/htdocs/pcdl4kids_web/system/CodeIgniter.php(320): CodeIgniter\CodeIgniter->handleRequest(NULL, Object(Config\Cache), false)
#9 /Applications/MAMP/htdocs/pcdl4kids_web/index.php(37): CodeIgniter\CodeIgniter->run()
#10 {main}
