ERROR - 2022-12-14 11:42:05 --> Unknown column 'to_id' in 'field list'
CRITICAL - 2022-12-14 11:42:06 --> Unknown column 'to_id' in 'field list'
#0 C:\xampp\htdocs\pcdl\system\Database\MySQLi\Connection.php(292): mysqli->query('INSERT INTO `pl...', 0)
#1 C:\xampp\htdocs\pcdl\system\Database\BaseConnection.php(670): CodeIgniter\Database\MySQLi\Connection->execute('INSERT INTO `pl...')
#2 C:\xampp\htdocs\pcdl\system\Database\BaseConnection.php(598): CodeIgniter\Database\BaseConnection->simpleQuery('INSERT INTO `pl...')
#3 C:\xampp\htdocs\pcdl\system\Database\BaseBuilder.php(1771): CodeIgniter\Database\BaseConnection->query('INSERT INTO `pl...', Array, false)
#4 C:\xampp\htdocs\pcdl\app\Models\Crud.php(18): CodeIgniter\Database\BaseBuilder->insert(Array)
#5 C:\xampp\htdocs\pcdl\app\Controllers\Tools.php(858): App\Models\Crud->create('user', Array)
#6 C:\xampp\htdocs\pcdl\system\CodeIgniter.php(825): App\Controllers\Tools->announcement('manage')
#7 C:\xampp\htdocs\pcdl\system\CodeIgniter.php(412): CodeIgniter\CodeIgniter->runController(Object(App\Controllers\Tools))
#8 C:\xampp\htdocs\pcdl\system\CodeIgniter.php(320): CodeIgniter\CodeIgniter->handleRequest(NULL, Object(Config\Cache), false)
#9 C:\xampp\htdocs\pcdl\index.php(37): CodeIgniter\CodeIgniter->run()
#10 {main}
ERROR - 2022-12-14 11:45:34 --> Unknown column 'to_id' in 'field list'
CRITICAL - 2022-12-14 11:45:34 --> Unknown column 'to_id' in 'field list'
#0 C:\xampp\htdocs\pcdl\system\Database\MySQLi\Connection.php(292): mysqli->query('INSERT INTO `pl...', 0)
#1 C:\xampp\htdocs\pcdl\system\Database\BaseConnection.php(670): CodeIgniter\Database\MySQLi\Connection->execute('INSERT INTO `pl...')
#2 C:\xampp\htdocs\pcdl\system\Database\BaseConnection.php(598): CodeIgniter\Database\BaseConnection->simpleQuery('INSERT INTO `pl...')
#3 C:\xampp\htdocs\pcdl\system\Database\BaseBuilder.php(1771): CodeIgniter\Database\BaseConnection->query('INSERT INTO `pl...', Array, false)
#4 C:\xampp\htdocs\pcdl\app\Models\Crud.php(18): CodeIgniter\Database\BaseBuilder->insert(Array)
#5 C:\xampp\htdocs\pcdl\app\Controllers\Tools.php(861): App\Models\Crud->create('user', Array)
#6 C:\xampp\htdocs\pcdl\system\CodeIgniter.php(825): App\Controllers\Tools->announcement('manage')
#7 C:\xampp\htdocs\pcdl\system\CodeIgniter.php(412): CodeIgniter\CodeIgniter->runController(Object(App\Controllers\Tools))
#8 C:\xampp\htdocs\pcdl\system\CodeIgniter.php(320): CodeIgniter\CodeIgniter->handleRequest(NULL, Object(Config\Cache), false)
#9 C:\xampp\htdocs\pcdl\index.php(37): CodeIgniter\CodeIgniter->run()
#10 {main}
ERROR - 2022-12-14 11:46:17 --> Table 'pcdl4kidsdb.pl_notify' doesn't exist
CRITICAL - 2022-12-14 11:46:17 --> Table 'pcdl4kidsdb.pl_notify' doesn't exist
#0 C:\xampp\htdocs\pcdl\system\Database\MySQLi\Connection.php(292): mysqli->query('INSERT INTO `pl...', 0)
#1 C:\xampp\htdocs\pcdl\system\Database\BaseConnection.php(670): CodeIgniter\Database\MySQLi\Connection->execute('INSERT INTO `pl...')
#2 C:\xampp\htdocs\pcdl\system\Database\BaseConnection.php(598): CodeIgniter\Database\BaseConnection->simpleQuery('INSERT INTO `pl...')
#3 C:\xampp\htdocs\pcdl\system\Database\BaseBuilder.php(1771): CodeIgniter\Database\BaseConnection->query('INSERT INTO `pl...', Array, false)
#4 C:\xampp\htdocs\pcdl\app\Models\Crud.php(18): CodeIgniter\Database\BaseBuilder->insert(Array)
#5 C:\xampp\htdocs\pcdl\app\Controllers\Tools.php(872): App\Models\Crud->create('notify', Array)
#6 C:\xampp\htdocs\pcdl\system\CodeIgniter.php(825): App\Controllers\Tools->announcement('manage')
#7 C:\xampp\htdocs\pcdl\system\CodeIgniter.php(412): CodeIgniter\CodeIgniter->runController(Object(App\Controllers\Tools))
#8 C:\xampp\htdocs\pcdl\system\CodeIgniter.php(320): CodeIgniter\CodeIgniter->handleRequest(NULL, Object(Config\Cache), false)
#9 C:\xampp\htdocs\pcdl\index.php(37): CodeIgniter\CodeIgniter->run()
#10 {main}
CRITICAL - 2022-12-14 11:48:11 --> Invalid argument supplied for foreach()
#0 C:\xampp\htdocs\pcdl\app\Controllers\Tools.php(927): CodeIgniter\Debug\Exceptions->errorHandler(2, 'Invalid argumen...', 'C:\\xampp\\htdocs...', 927, Array)
#1 C:\xampp\htdocs\pcdl\system\CodeIgniter.php(825): App\Controllers\Tools->announcement('load')
#2 C:\xampp\htdocs\pcdl\system\CodeIgniter.php(412): CodeIgniter\CodeIgniter->runController(Object(App\Controllers\Tools))
#3 C:\xampp\htdocs\pcdl\system\CodeIgniter.php(320): CodeIgniter\CodeIgniter->handleRequest(NULL, Object(Config\Cache), false)
#4 C:\xampp\htdocs\pcdl\index.php(37): CodeIgniter\CodeIgniter->run()
#5 {main}
CRITICAL - 2022-12-14 11:48:32 --> Invalid argument supplied for foreach()
#0 C:\xampp\htdocs\pcdl\app\Controllers\Tools.php(927): CodeIgniter\Debug\Exceptions->errorHandler(2, 'Invalid argumen...', 'C:\\xampp\\htdocs...', 927, Array)
#1 C:\xampp\htdocs\pcdl\system\CodeIgniter.php(825): App\Controllers\Tools->announcement('load')
#2 C:\xampp\htdocs\pcdl\system\CodeIgniter.php(412): CodeIgniter\CodeIgniter->runController(Object(App\Controllers\Tools))
#3 C:\xampp\htdocs\pcdl\system\CodeIgniter.php(320): CodeIgniter\CodeIgniter->handleRequest(NULL, Object(Config\Cache), false)
#4 C:\xampp\htdocs\pcdl\index.php(37): CodeIgniter\CodeIgniter->run()
#5 {main}
CRITICAL - 2022-12-14 11:55:56 --> Invalid argument supplied for foreach()
#0 C:\xampp\htdocs\pcdl\app\Controllers\Tools.php(928): CodeIgniter\Debug\Exceptions->errorHandler(2, 'Invalid argumen...', 'C:\\xampp\\htdocs...', 928, Array)
#1 C:\xampp\htdocs\pcdl\system\CodeIgniter.php(825): App\Controllers\Tools->announcement('load')
#2 C:\xampp\htdocs\pcdl\system\CodeIgniter.php(412): CodeIgniter\CodeIgniter->runController(Object(App\Controllers\Tools))
#3 C:\xampp\htdocs\pcdl\system\CodeIgniter.php(320): CodeIgniter\CodeIgniter->handleRequest(NULL, Object(Config\Cache), false)
#4 C:\xampp\htdocs\pcdl\index.php(37): CodeIgniter\CodeIgniter->run()
#5 {main}
CRITICAL - 2022-12-14 11:59:04 --> Undefined property: stdClass::$img_id
#0 C:\xampp\htdocs\pcdl\app\Models\Crud.php(180): CodeIgniter\Debug\Exceptions->errorHandler(8, 'Undefined prope...', 'C:\\xampp\\htdocs...', 180, Array)
#1 C:\xampp\htdocs\pcdl\app\Views\tools\announcement_form.php(31): App\Models\Crud->read_field('id', '543', 'user', 'img_id')
#2 C:\xampp\htdocs\pcdl\system\View\View.php(210): include('C:\\xampp\\htdocs...')
#3 C:\xampp\htdocs\pcdl\system\View\View.php(213): CodeIgniter\View\View->CodeIgniter\View\{closure}()
#4 C:\xampp\htdocs\pcdl\system\Common.php(1089): CodeIgniter\View\View->render('tools/announcem...', Array, true)
#5 C:\xampp\htdocs\pcdl\app\Controllers\Tools.php(1078): view('tools/announcem...', Array)
#6 C:\xampp\htdocs\pcdl\system\CodeIgniter.php(825): App\Controllers\Tools->announcement('manage', 'view', '2')
#7 C:\xampp\htdocs\pcdl\system\CodeIgniter.php(412): CodeIgniter\CodeIgniter->runController(Object(App\Controllers\Tools))
#8 C:\xampp\htdocs\pcdl\system\CodeIgniter.php(320): CodeIgniter\CodeIgniter->handleRequest(NULL, Object(Config\Cache), false)
#9 C:\xampp\htdocs\pcdl\index.php(37): CodeIgniter\CodeIgniter->run()
#10 {main}
CRITICAL - 2022-12-14 12:04:14 --> Undefined property: stdClass::$img_id
#0 C:\xampp\htdocs\pcdl\app\Models\Crud.php(180): CodeIgniter\Debug\Exceptions->errorHandler(8, 'Undefined prope...', 'C:\\xampp\\htdocs...', 180, Array)
#1 C:\xampp\htdocs\pcdl\app\Views\tools\announcement_form.php(31): App\Models\Crud->read_field('id', '543', 'user', 'img_id')
#2 C:\xampp\htdocs\pcdl\system\View\View.php(210): include('C:\\xampp\\htdocs...')
#3 C:\xampp\htdocs\pcdl\system\View\View.php(213): CodeIgniter\View\View->CodeIgniter\View\{closure}()
#4 C:\xampp\htdocs\pcdl\system\Common.php(1089): CodeIgniter\View\View->render('tools/announcem...', Array, true)
#5 C:\xampp\htdocs\pcdl\app\Controllers\Tools.php(1078): view('tools/announcem...', Array)
#6 C:\xampp\htdocs\pcdl\system\CodeIgniter.php(825): App\Controllers\Tools->announcement('manage', 'view', '1')
#7 C:\xampp\htdocs\pcdl\system\CodeIgniter.php(412): CodeIgniter\CodeIgniter->runController(Object(App\Controllers\Tools))
#8 C:\xampp\htdocs\pcdl\system\CodeIgniter.php(320): CodeIgniter\CodeIgniter->handleRequest(NULL, Object(Config\Cache), false)
#9 C:\xampp\htdocs\pcdl\index.php(37): CodeIgniter\CodeIgniter->run()
#10 {main}
CRITICAL - 2022-12-14 12:12:44 --> Undefined variable: fullname
#0 C:\xampp\htdocs\pcdl\app\Views\tools\announcement_form.php(31): CodeIgniter\Debug\Exceptions->errorHandler(8, 'Undefined varia...', 'C:\\xampp\\htdocs...', 31, Array)
#1 C:\xampp\htdocs\pcdl\system\View\View.php(210): include('C:\\xampp\\htdocs...')
#2 C:\xampp\htdocs\pcdl\system\View\View.php(213): CodeIgniter\View\View->CodeIgniter\View\{closure}()
#3 C:\xampp\htdocs\pcdl\system\Common.php(1089): CodeIgniter\View\View->render('tools/announcem...', Array, true)
#4 C:\xampp\htdocs\pcdl\app\Controllers\Tools.php(1078): view('tools/announcem...', Array)
#5 C:\xampp\htdocs\pcdl\system\CodeIgniter.php(825): App\Controllers\Tools->announcement('manage', 'view', '2')
#6 C:\xampp\htdocs\pcdl\system\CodeIgniter.php(412): CodeIgniter\CodeIgniter->runController(Object(App\Controllers\Tools))
#7 C:\xampp\htdocs\pcdl\system\CodeIgniter.php(320): CodeIgniter\CodeIgniter->handleRequest(NULL, Object(Config\Cache), false)
#8 C:\xampp\htdocs\pcdl\index.php(37): CodeIgniter\CodeIgniter->run()
#9 {main}
CRITICAL - 2022-12-14 12:13:19 --> Undefined property: stdClass::$img_id
#0 C:\xampp\htdocs\pcdl\app\Models\Crud.php(180): CodeIgniter\Debug\Exceptions->errorHandler(8, 'Undefined prope...', 'C:\\xampp\\htdocs...', 180, Array)
#1 C:\xampp\htdocs\pcdl\app\Views\tools\announcement_form.php(58): App\Models\Crud->read_field('id', '542', 'user', 'img_id')
#2 C:\xampp\htdocs\pcdl\system\View\View.php(210): include('C:\\xampp\\htdocs...')
#3 C:\xampp\htdocs\pcdl\system\View\View.php(213): CodeIgniter\View\View->CodeIgniter\View\{closure}()
#4 C:\xampp\htdocs\pcdl\system\Common.php(1089): CodeIgniter\View\View->render('tools/announcem...', Array, true)
#5 C:\xampp\htdocs\pcdl\app\Controllers\Tools.php(1078): view('tools/announcem...', Array)
#6 C:\xampp\htdocs\pcdl\system\CodeIgniter.php(825): App\Controllers\Tools->announcement('manage', 'view', '2')
#7 C:\xampp\htdocs\pcdl\system\CodeIgniter.php(412): CodeIgniter\CodeIgniter->runController(Object(App\Controllers\Tools))
#8 C:\xampp\htdocs\pcdl\system\CodeIgniter.php(320): CodeIgniter\CodeIgniter->handleRequest(NULL, Object(Config\Cache), false)
#9 C:\xampp\htdocs\pcdl\index.php(37): CodeIgniter\CodeIgniter->run()
#10 {main}
CRITICAL - 2022-12-14 13:17:20 --> Undefined variable: e_type
#0 C:\xampp\htdocs\pcdl\app\Views\tools\announcement_form.php(106): CodeIgniter\Debug\Exceptions->errorHandler(8, 'Undefined varia...', 'C:\\xampp\\htdocs...', 106, Array)
#1 C:\xampp\htdocs\pcdl\system\View\View.php(210): include('C:\\xampp\\htdocs...')
#2 C:\xampp\htdocs\pcdl\system\View\View.php(213): CodeIgniter\View\View->CodeIgniter\View\{closure}()
#3 C:\xampp\htdocs\pcdl\system\Common.php(1089): CodeIgniter\View\View->render('tools/announcem...', Array, true)
#4 C:\xampp\htdocs\pcdl\app\Controllers\Tools.php(1077): view('tools/announcem...', Array)
#5 C:\xampp\htdocs\pcdl\system\CodeIgniter.php(825): App\Controllers\Tools->announcement('manage')
#6 C:\xampp\htdocs\pcdl\system\CodeIgniter.php(412): CodeIgniter\CodeIgniter->runController(Object(App\Controllers\Tools))
#7 C:\xampp\htdocs\pcdl\system\CodeIgniter.php(320): CodeIgniter\CodeIgniter->handleRequest(NULL, Object(Config\Cache), false)
#8 C:\xampp\htdocs\pcdl\index.php(37): CodeIgniter\CodeIgniter->run()
#9 {main}
CRITICAL - 2022-12-14 13:17:39 --> Undefined variable: e_type
#0 C:\xampp\htdocs\pcdl\app\Views\tools\announcement_form.php(106): CodeIgniter\Debug\Exceptions->errorHandler(8, 'Undefined varia...', 'C:\\xampp\\htdocs...', 106, Array)
#1 C:\xampp\htdocs\pcdl\system\View\View.php(210): include('C:\\xampp\\htdocs...')
#2 C:\xampp\htdocs\pcdl\system\View\View.php(213): CodeIgniter\View\View->CodeIgniter\View\{closure}()
#3 C:\xampp\htdocs\pcdl\system\Common.php(1089): CodeIgniter\View\View->render('tools/announcem...', Array, true)
#4 C:\xampp\htdocs\pcdl\app\Controllers\Tools.php(1077): view('tools/announcem...', Array)
#5 C:\xampp\htdocs\pcdl\system\CodeIgniter.php(825): App\Controllers\Tools->announcement('manage')
#6 C:\xampp\htdocs\pcdl\system\CodeIgniter.php(412): CodeIgniter\CodeIgniter->runController(Object(App\Controllers\Tools))
#7 C:\xampp\htdocs\pcdl\system\CodeIgniter.php(320): CodeIgniter\CodeIgniter->handleRequest(NULL, Object(Config\Cache), false)
#8 C:\xampp\htdocs\pcdl\index.php(37): CodeIgniter\CodeIgniter->run()
#9 {main}
CRITICAL - 2022-12-14 13:18:24 --> Undefined variable: e_type
#0 C:\xampp\htdocs\pcdl\app\Views\tools\announcement_form.php(106): CodeIgniter\Debug\Exceptions->errorHandler(8, 'Undefined varia...', 'C:\\xampp\\htdocs...', 106, Array)
#1 C:\xampp\htdocs\pcdl\system\View\View.php(210): include('C:\\xampp\\htdocs...')
#2 C:\xampp\htdocs\pcdl\system\View\View.php(213): CodeIgniter\View\View->CodeIgniter\View\{closure}()
#3 C:\xampp\htdocs\pcdl\system\Common.php(1089): CodeIgniter\View\View->render('tools/announcem...', Array, true)
#4 C:\xampp\htdocs\pcdl\app\Controllers\Tools.php(1077): view('tools/announcem...', Array)
#5 C:\xampp\htdocs\pcdl\system\CodeIgniter.php(825): App\Controllers\Tools->announcement('manage')
#6 C:\xampp\htdocs\pcdl\system\CodeIgniter.php(412): CodeIgniter\CodeIgniter->runController(Object(App\Controllers\Tools))
#7 C:\xampp\htdocs\pcdl\system\CodeIgniter.php(320): CodeIgniter\CodeIgniter->handleRequest(NULL, Object(Config\Cache), false)
#8 C:\xampp\htdocs\pcdl\index.php(37): CodeIgniter\CodeIgniter->run()
#9 {main}
CRITICAL - 2022-12-14 13:19:47 --> Undefined variable: e_type
#0 C:\xampp\htdocs\pcdl\app\Views\tools\announcement_form.php(106): CodeIgniter\Debug\Exceptions->errorHandler(8, 'Undefined varia...', 'C:\\xampp\\htdocs...', 106, Array)
#1 C:\xampp\htdocs\pcdl\system\View\View.php(210): include('C:\\xampp\\htdocs...')
#2 C:\xampp\htdocs\pcdl\system\View\View.php(213): CodeIgniter\View\View->CodeIgniter\View\{closure}()
#3 C:\xampp\htdocs\pcdl\system\Common.php(1089): CodeIgniter\View\View->render('tools/announcem...', Array, true)
#4 C:\xampp\htdocs\pcdl\app\Controllers\Tools.php(1077): view('tools/announcem...', Array)
#5 C:\xampp\htdocs\pcdl\system\CodeIgniter.php(825): App\Controllers\Tools->announcement('manage')
#6 C:\xampp\htdocs\pcdl\system\CodeIgniter.php(412): CodeIgniter\CodeIgniter->runController(Object(App\Controllers\Tools))
#7 C:\xampp\htdocs\pcdl\system\CodeIgniter.php(320): CodeIgniter\CodeIgniter->handleRequest(NULL, Object(Config\Cache), false)
#8 C:\xampp\htdocs\pcdl\index.php(37): CodeIgniter\CodeIgniter->run()
#9 {main}
CRITICAL - 2022-12-14 13:20:05 --> Undefined variable: e_type
#0 C:\xampp\htdocs\pcdl\app\Views\tools\announcement_form.php(195): CodeIgniter\Debug\Exceptions->errorHandler(8, 'Undefined varia...', 'C:\\xampp\\htdocs...', 195, Array)
#1 C:\xampp\htdocs\pcdl\system\View\View.php(210): include('C:\\xampp\\htdocs...')
#2 C:\xampp\htdocs\pcdl\system\View\View.php(213): CodeIgniter\View\View->CodeIgniter\View\{closure}()
#3 C:\xampp\htdocs\pcdl\system\Common.php(1089): CodeIgniter\View\View->render('tools/announcem...', Array, true)
#4 C:\xampp\htdocs\pcdl\app\Controllers\Tools.php(1077): view('tools/announcem...', Array)
#5 C:\xampp\htdocs\pcdl\system\CodeIgniter.php(825): App\Controllers\Tools->announcement('manage')
#6 C:\xampp\htdocs\pcdl\system\CodeIgniter.php(412): CodeIgniter\CodeIgniter->runController(Object(App\Controllers\Tools))
#7 C:\xampp\htdocs\pcdl\system\CodeIgniter.php(320): CodeIgniter\CodeIgniter->handleRequest(NULL, Object(Config\Cache), false)
#8 C:\xampp\htdocs\pcdl\index.php(37): CodeIgniter\CodeIgniter->run()
#9 {main}
CRITICAL - 2022-12-14 13:28:30 --> Undefined variable: e_type
#0 C:\xampp\htdocs\pcdl\app\Views\tools\announcement_form.php(197): CodeIgniter\Debug\Exceptions->errorHandler(8, 'Undefined varia...', 'C:\\xampp\\htdocs...', 197, Array)
#1 C:\xampp\htdocs\pcdl\system\View\View.php(210): include('C:\\xampp\\htdocs...')
#2 C:\xampp\htdocs\pcdl\system\View\View.php(213): CodeIgniter\View\View->CodeIgniter\View\{closure}()
#3 C:\xampp\htdocs\pcdl\system\Common.php(1089): CodeIgniter\View\View->render('tools/announcem...', Array, true)
#4 C:\xampp\htdocs\pcdl\app\Controllers\Tools.php(1077): view('tools/announcem...', Array)
#5 C:\xampp\htdocs\pcdl\system\CodeIgniter.php(825): App\Controllers\Tools->announcement('manage')
#6 C:\xampp\htdocs\pcdl\system\CodeIgniter.php(412): CodeIgniter\CodeIgniter->runController(Object(App\Controllers\Tools))
#7 C:\xampp\htdocs\pcdl\system\CodeIgniter.php(320): CodeIgniter\CodeIgniter->handleRequest(NULL, Object(Config\Cache), false)
#8 C:\xampp\htdocs\pcdl\index.php(37): CodeIgniter\CodeIgniter->run()
#9 {main}
CRITICAL - 2022-12-14 13:28:58 --> Undefined variable: e_type
#0 C:\xampp\htdocs\pcdl\app\Views\tools\announcement_form.php(197): CodeIgniter\Debug\Exceptions->errorHandler(8, 'Undefined varia...', 'C:\\xampp\\htdocs...', 197, Array)
#1 C:\xampp\htdocs\pcdl\system\View\View.php(210): include('C:\\xampp\\htdocs...')
#2 C:\xampp\htdocs\pcdl\system\View\View.php(213): CodeIgniter\View\View->CodeIgniter\View\{closure}()
#3 C:\xampp\htdocs\pcdl\system\Common.php(1089): CodeIgniter\View\View->render('tools/announcem...', Array, true)
#4 C:\xampp\htdocs\pcdl\app\Controllers\Tools.php(1077): view('tools/announcem...', Array)
#5 C:\xampp\htdocs\pcdl\system\CodeIgniter.php(825): App\Controllers\Tools->announcement('manage')
#6 C:\xampp\htdocs\pcdl\system\CodeIgniter.php(412): CodeIgniter\CodeIgniter->runController(Object(App\Controllers\Tools))
#7 C:\xampp\htdocs\pcdl\system\CodeIgniter.php(320): CodeIgniter\CodeIgniter->handleRequest(NULL, Object(Config\Cache), false)
#8 C:\xampp\htdocs\pcdl\index.php(37): CodeIgniter\CodeIgniter->run()
#9 {main}
